<?xml version="1.0" encoding="UTF-8"?>
<!-- Generated by org.testng.reporters.JUnitReportReporter -->
<testsuite hostname="DESKTOP-P7B0QUM" failures="0" tests="1" name="TestCases.TC_001LoginTest" time="2.612" errors="0" timestamp="2024-10-18T23:46:31 IST" skipped="0">
  <testcase classname="TestCases.TC_001LoginTest" name="verify_Login" time="2.612"/>
</testsuite> <!-- TestCases.TC_001LoginTest -->
