<?xml version="1.0" encoding="UTF-8"?>
<!-- Generated by org.testng.reporters.JUnitReportReporter -->
<testsuite hostname="DESKTOP-P7B0QUM" failures="0" tests="1" name="TestCases.TC_001LoginTest" time="2.843" errors="0" timestamp="2024-10-19T15:38:42 IST" skipped="0">
  <testcase classname="TestCases.TC_001LoginTest" name="verify_Login" time="2.843"/>
</testsuite> <!-- TestCases.TC_001LoginTest -->
